2024-03-31 20:07:06  __main__                       INFO     scraping job boards (scraper.py:96)
2024-03-31 20:07:06  urllib3.connectionpool         DEBUG    Starting new HTTPS connection (1): boards-api.greenhouse.io:443 (connectionpool.py:1055)
2024-03-31 20:07:07  urllib3.connectionpool         DEBUG    https://boards-api.greenhouse.io:443 "GET /v1/boards/databricks/jobs?content=true HTTP/1.1" 200 None (connectionpool.py:549)
2024-03-31 20:07:08  urllib3.connectionpool         DEBUG    Starting new HTTPS connection (1): boards-api.greenhouse.io:443 (connectionpool.py:1055)
2024-03-31 20:07:09  urllib3.connectionpool         DEBUG    https://boards-api.greenhouse.io:443 "GET /v1/boards/mongodb/jobs?content=true HTTP/1.1" 200 None (connectionpool.py:549)
2024-03-31 20:07:10  urllib3.connectionpool         DEBUG    Starting new HTTPS connection (1): boards-api.greenhouse.io:443 (connectionpool.py:1055)
2024-03-31 20:07:11  urllib3.connectionpool         DEBUG    https://boards-api.greenhouse.io:443 "GET /v1/boards/coinbase/jobs?content=true HTTP/1.1" 200 None (connectionpool.py:549)
2024-03-31 20:07:11  urllib3.connectionpool         DEBUG    Starting new HTTPS connection (1): jobs.lever.co:443 (connectionpool.py:1055)
2024-03-31 20:07:13  urllib3.connectionpool         DEBUG    https://jobs.lever.co:443 "GET /v0/postings/palantir?mode=json HTTP/1.1" 200 2902442 (connectionpool.py:549)
2024-03-31 20:07:15  urllib3.connectionpool         DEBUG    Starting new HTTPS connection (1): jobs.lever.co:443 (connectionpool.py:1055)
2024-03-31 20:07:17  urllib3.connectionpool         DEBUG    https://jobs.lever.co:443 "GET /v0/postings/matchgroup?mode=json HTTP/1.1" 200 1975758 (connectionpool.py:549)
2024-03-31 20:09:30  __main__                       INFO     scraping job boards (scraper.py:100)
2024-03-31 20:09:30  __main__                       INFO     Start scraping 1 - greenhouse - 1 - databricks (scraper.py:33)
2024-03-31 20:09:30  urllib3.connectionpool         DEBUG    Starting new HTTPS connection (1): boards-api.greenhouse.io:443 (connectionpool.py:1055)
2024-03-31 20:09:31  urllib3.connectionpool         DEBUG    https://boards-api.greenhouse.io:443 "GET /v1/boards/databricks/jobs?content=true HTTP/1.1" 200 None (connectionpool.py:549)
2024-03-31 20:09:32  __main__                       INFO     Finish scraping 1 - greenhouse - 1 - databricks (scraper.py:44)
2024-03-31 20:09:32  __main__                       INFO     Start scraping 1 - greenhouse - 2 - mongodb (scraper.py:33)
2024-03-31 20:09:32  urllib3.connectionpool         DEBUG    Starting new HTTPS connection (1): boards-api.greenhouse.io:443 (connectionpool.py:1055)
2024-03-31 20:09:34  urllib3.connectionpool         DEBUG    https://boards-api.greenhouse.io:443 "GET /v1/boards/mongodb/jobs?content=true HTTP/1.1" 200 None (connectionpool.py:549)
2024-03-31 20:09:35  __main__                       INFO     Finish scraping 1 - greenhouse - 2 - mongodb (scraper.py:44)
2024-03-31 20:09:35  __main__                       INFO     Start scraping 1 - greenhouse - 3 - coinbase (scraper.py:33)
2024-03-31 20:09:35  urllib3.connectionpool         DEBUG    Starting new HTTPS connection (1): boards-api.greenhouse.io:443 (connectionpool.py:1055)
2024-03-31 20:09:36  urllib3.connectionpool         DEBUG    https://boards-api.greenhouse.io:443 "GET /v1/boards/coinbase/jobs?content=true HTTP/1.1" 200 None (connectionpool.py:549)
2024-03-31 20:09:36  __main__                       INFO     Finish scraping 1 - greenhouse - 3 - coinbase (scraper.py:44)
2024-03-31 20:09:36  __main__                       INFO     Start scraping 2 - lever - 4 - palantir (scraper.py:33)
2024-03-31 20:09:36  urllib3.connectionpool         DEBUG    Starting new HTTPS connection (1): jobs.lever.co:443 (connectionpool.py:1055)
2024-03-31 20:09:38  urllib3.connectionpool         DEBUG    https://jobs.lever.co:443 "GET /v0/postings/palantir?mode=json HTTP/1.1" 200 2902442 (connectionpool.py:549)
2024-03-31 20:09:40  __main__                       INFO     Finish scraping 2 - lever - 4 - palantir (scraper.py:44)
2024-03-31 20:09:40  __main__                       INFO     Start scraping 2 - lever - 5 - matchgroup (scraper.py:33)
2024-03-31 20:09:40  urllib3.connectionpool         DEBUG    Starting new HTTPS connection (1): jobs.lever.co:443 (connectionpool.py:1055)
2024-03-31 20:09:42  urllib3.connectionpool         DEBUG    https://jobs.lever.co:443 "GET /v0/postings/matchgroup?mode=json HTTP/1.1" 200 1975758 (connectionpool.py:549)
2024-03-31 20:09:44  __main__                       INFO     Finish scraping 2 - lever - 5 - matchgroup (scraper.py:44)
